

Started GET "/" for ::1 at 2015-11-17 17:01:18 -0500
Processing by Rails::WelcomeController#index as HTML
  Rendered /Users/hobertbush/.rbenv/versions/2.2.3/lib/ruby/gems/2.2.0/gems/railties-4.2.4/lib/rails/templates/rails/welcome/index.html.erb (1.7ms)
Completed 200 OK in 20ms (Views: 10.7ms | ActiveRecord: 0.0ms)


Started GET "/" for ::1 at 2015-11-17 19:59:15 -0500
Processing by Rails::WelcomeController#index as HTML
  Rendered /Users/hobertbush/.rbenv/versions/2.2.3/lib/ruby/gems/2.2.0/gems/railties-4.2.4/lib/rails/templates/rails/welcome/index.html.erb (1.6ms)
Completed 200 OK in 15ms (Views: 8.4ms | ActiveRecord: 0.0ms)


Started GET "/pages/about" for ::1 at 2015-11-17 19:59:26 -0500
Processing by PagesController#about as HTML
  Rendered pages/about.html.erb within layouts/application (0.2ms)
Completed 200 OK in 1069ms (Views: 1068.5ms | ActiveRecord: 0.0ms)


Started GET "/assets/pages.self-e3b0c44298fc1c149afbf4c8996fb92427ae41e4649b934ca495991b7852b855.css?body=1" for ::1 at 2015-11-17 19:59:27 -0500


Started GET "/assets/application.self-e80e8f2318043e8af94dddc2adad5a4f09739a8ebb323b3ab31cd71d45fd9113.css?body=1" for ::1 at 2015-11-17 19:59:27 -0500


Started GET "/assets/jquery_ujs.self-d456baa54c1fa6be2ec3711f0a72ddf7a5b2f34a6b4f515f33767d6207b7d4b3.js?body=1" for ::1 at 2015-11-17 19:59:27 -0500


Started GET "/assets/jquery.self-a714331225dda820228db323939889f149aec0127aeb06255646b616ba1ca419.js?body=1" for ::1 at 2015-11-17 19:59:27 -0500


Started GET "/assets/pages.self-877aef30ae1b040ab8a3aba4e3e309a11d7f2612f44dde450b5c157aa5f95c05.js?body=1" for ::1 at 2015-11-17 19:59:27 -0500


Started GET "/assets/application.self-3b8dabdc891efe46b9a144b400ad69e37d7e5876bdc39dee783419a69d7ca819.js?body=1" for ::1 at 2015-11-17 19:59:27 -0500


Started GET "/assets/turbolinks.self-c37727e9bd6b2735da5c311aa83fead54ed0be6cc8bd9a65309e9c5abe2cbfff.js?body=1" for ::1 at 2015-11-17 19:59:27 -0500


Started GET "/pages/contact" for ::1 at 2015-11-17 19:59:40 -0500
Processing by PagesController#contact as HTML
  Rendered pages/contact.html.erb within layouts/application (0.5ms)
Completed 200 OK in 39ms (Views: 37.9ms | ActiveRecord: 0.0ms)


Started GET "/pages/contact" for ::1 at 2015-11-17 20:05:20 -0500
Processing by PagesController#contact as HTML
  Rendered pages/contact.html.erb within layouts/application (0.8ms)
Completed 200 OK in 34ms (Views: 33.7ms | ActiveRecord: 0.0ms)


Started GET "/assets/jquery.self-a714331225dda820228db323939889f149aec0127aeb06255646b616ba1ca419.js?body=1" for ::1 at 2015-11-17 20:05:20 -0500


Started GET "/assets/jquery_ujs.self-d456baa54c1fa6be2ec3711f0a72ddf7a5b2f34a6b4f515f33767d6207b7d4b3.js?body=1" for ::1 at 2015-11-17 20:05:20 -0500


Started GET "/assets/pages.self-e3b0c44298fc1c149afbf4c8996fb92427ae41e4649b934ca495991b7852b855.css?body=1" for ::1 at 2015-11-17 20:05:20 -0500


Started GET "/assets/pages.self-877aef30ae1b040ab8a3aba4e3e309a11d7f2612f44dde450b5c157aa5f95c05.js?body=1" for ::1 at 2015-11-17 20:05:20 -0500


Started GET "/assets/turbolinks.self-c37727e9bd6b2735da5c311aa83fead54ed0be6cc8bd9a65309e9c5abe2cbfff.js?body=1" for ::1 at 2015-11-17 20:05:20 -0500


Started GET "/assets/application.self-e80e8f2318043e8af94dddc2adad5a4f09739a8ebb323b3ab31cd71d45fd9113.css?body=1" for ::1 at 2015-11-17 20:05:20 -0500


Started GET "/assets/application.self-3b8dabdc891efe46b9a144b400ad69e37d7e5876bdc39dee783419a69d7ca819.js?body=1" for ::1 at 2015-11-17 20:05:20 -0500


Started GET "/pages/contact" for ::1 at 2015-11-17 20:06:29 -0500
Processing by PagesController#contact as HTML
  Rendered pages/contact.html.erb within layouts/application (0.0ms)
Completed 200 OK in 23ms (Views: 23.0ms | ActiveRecord: 0.0ms)


Started GET "/assets/pages.self-e3b0c44298fc1c149afbf4c8996fb92427ae41e4649b934ca495991b7852b855.css?body=1" for ::1 at 2015-11-17 20:06:29 -0500


Started GET "/assets/application.self-e80e8f2318043e8af94dddc2adad5a4f09739a8ebb323b3ab31cd71d45fd9113.css?body=1" for ::1 at 2015-11-17 20:06:29 -0500


Started GET "/assets/turbolinks.self-c37727e9bd6b2735da5c311aa83fead54ed0be6cc8bd9a65309e9c5abe2cbfff.js?body=1" for ::1 at 2015-11-17 20:06:29 -0500


Started GET "/assets/pages.self-877aef30ae1b040ab8a3aba4e3e309a11d7f2612f44dde450b5c157aa5f95c05.js?body=1" for ::1 at 2015-11-17 20:06:29 -0500


Started GET "/assets/jquery.self-a714331225dda820228db323939889f149aec0127aeb06255646b616ba1ca419.js?body=1" for ::1 at 2015-11-17 20:06:29 -0500


Started GET "/assets/jquery_ujs.self-d456baa54c1fa6be2ec3711f0a72ddf7a5b2f34a6b4f515f33767d6207b7d4b3.js?body=1" for ::1 at 2015-11-17 20:06:29 -0500


Started GET "/assets/application.self-3b8dabdc891efe46b9a144b400ad69e37d7e5876bdc39dee783419a69d7ca819.js?body=1" for ::1 at 2015-11-17 20:06:29 -0500


Started GET "/pages/about" for ::1 at 2015-11-17 20:06:38 -0500
Processing by PagesController#about as HTML
  Rendered pages/about.html.erb within layouts/application (0.3ms)
Completed 200 OK in 21ms (Views: 21.0ms | ActiveRecord: 0.0ms)


Started GET "/pages/about" for ::1 at 2015-11-17 20:11:58 -0500
Processing by PagesController#about as HTML
  Rendered pages/about.html.erb within layouts/application (0.1ms)
Completed 200 OK in 29ms (Views: 28.4ms | ActiveRecord: 0.0ms)


Started GET "/pages/about" for ::1 at 2015-11-17 20:12:02 -0500
Processing by PagesController#about as HTML
  Rendered pages/about.html.erb within layouts/application (0.2ms)
Completed 200 OK in 22ms (Views: 21.4ms | ActiveRecord: 0.0ms)


Started GET "/pages/about" for ::1 at 2015-11-17 20:13:52 -0500
Processing by PagesController#about as HTML
  Rendered pages/about.html.erb within layouts/application (0.3ms)
Completed 200 OK in 26ms (Views: 25.8ms | ActiveRecord: 0.0ms)


Started GET "/pages/about" for ::1 at 2015-11-17 20:14:30 -0500
Processing by PagesController#about as HTML
  Rendered pages/about.html.erb within layouts/application (0.2ms)
Completed 200 OK in 25ms (Views: 24.5ms | ActiveRecord: 0.0ms)


Started GET "/assets/jquery.self-a714331225dda820228db323939889f149aec0127aeb06255646b616ba1ca419.js?body=1" for ::1 at 2015-11-17 20:14:30 -0500


Started GET "/assets/pages.self-e3b0c44298fc1c149afbf4c8996fb92427ae41e4649b934ca495991b7852b855.css?body=1" for ::1 at 2015-11-17 20:14:30 -0500


Started GET "/assets/turbolinks.self-c37727e9bd6b2735da5c311aa83fead54ed0be6cc8bd9a65309e9c5abe2cbfff.js?body=1" for ::1 at 2015-11-17 20:14:30 -0500


Started GET "/assets/jquery_ujs.self-d456baa54c1fa6be2ec3711f0a72ddf7a5b2f34a6b4f515f33767d6207b7d4b3.js?body=1" for ::1 at 2015-11-17 20:14:30 -0500


Started GET "/assets/application.self-e80e8f2318043e8af94dddc2adad5a4f09739a8ebb323b3ab31cd71d45fd9113.css?body=1" for ::1 at 2015-11-17 20:14:30 -0500


Started GET "/assets/pages.self-877aef30ae1b040ab8a3aba4e3e309a11d7f2612f44dde450b5c157aa5f95c05.js?body=1" for ::1 at 2015-11-17 20:14:30 -0500


Started GET "/assets/application.self-3b8dabdc891efe46b9a144b400ad69e37d7e5876bdc39dee783419a69d7ca819.js?body=1" for ::1 at 2015-11-17 20:14:30 -0500


Started GET "/pages/contact" for ::1 at 2015-11-17 20:14:32 -0500
Processing by PagesController#contact as HTML
  Rendered pages/contact.html.erb within layouts/application (0.4ms)
Completed 200 OK in 41ms (Views: 40.6ms | ActiveRecord: 0.0ms)


Started GET "/pages/about" for ::1 at 2015-11-17 20:14:33 -0500
Processing by PagesController#about as HTML
  Rendered pages/about.html.erb within layouts/application (0.2ms)
Completed 200 OK in 25ms (Views: 24.2ms | ActiveRecord: 0.0ms)


Started GET "/pages/contact" for ::1 at 2015-11-17 20:14:34 -0500
Processing by PagesController#contact as HTML
  Rendered pages/contact.html.erb within layouts/application (0.0ms)
Completed 200 OK in 26ms (Views: 25.8ms | ActiveRecord: 0.0ms)


Started GET "/pages/about" for ::1 at 2015-11-17 20:14:35 -0500
Processing by PagesController#about as HTML
  Rendered pages/about.html.erb within layouts/application (0.0ms)
Completed 200 OK in 23ms (Views: 22.8ms | ActiveRecord: 0.0ms)


Started GET "/pages/about" for ::1 at 2015-11-17 20:17:39 -0500
Processing by PagesController#about as HTML
  Rendered pages/about.html.erb within layouts/application (0.2ms)
Completed 200 OK in 26ms (Views: 25.6ms | ActiveRecord: 0.0ms)


Started GET "/assets/pages.self-e3b0c44298fc1c149afbf4c8996fb92427ae41e4649b934ca495991b7852b855.css?body=1" for ::1 at 2015-11-17 20:17:39 -0500


Started GET "/assets/jquery_ujs.self-d456baa54c1fa6be2ec3711f0a72ddf7a5b2f34a6b4f515f33767d6207b7d4b3.js?body=1" for ::1 at 2015-11-17 20:17:39 -0500


Started GET "/assets/turbolinks.self-c37727e9bd6b2735da5c311aa83fead54ed0be6cc8bd9a65309e9c5abe2cbfff.js?body=1" for ::1 at 2015-11-17 20:17:39 -0500


Started GET "/assets/application.self-e80e8f2318043e8af94dddc2adad5a4f09739a8ebb323b3ab31cd71d45fd9113.css?body=1" for ::1 at 2015-11-17 20:17:39 -0500


Started GET "/assets/jquery.self-a714331225dda820228db323939889f149aec0127aeb06255646b616ba1ca419.js?body=1" for ::1 at 2015-11-17 20:17:39 -0500


Started GET "/assets/application.self-3b8dabdc891efe46b9a144b400ad69e37d7e5876bdc39dee783419a69d7ca819.js?body=1" for ::1 at 2015-11-17 20:17:39 -0500


Started GET "/assets/pages.self-877aef30ae1b040ab8a3aba4e3e309a11d7f2612f44dde450b5c157aa5f95c05.js?body=1" for ::1 at 2015-11-17 20:17:39 -0500


Started GET "/pages/contact" for ::1 at 2015-11-17 20:17:51 -0500
Processing by PagesController#contact as HTML
  Rendered pages/contact.html.erb within layouts/application (0.0ms)
Completed 200 OK in 21ms (Views: 20.4ms | ActiveRecord: 0.0ms)


Started GET "/pages/about" for ::1 at 2015-11-17 20:17:52 -0500
Processing by PagesController#about as HTML
  Rendered pages/about.html.erb within layouts/application (0.2ms)
Completed 200 OK in 20ms (Views: 20.0ms | ActiveRecord: 0.0ms)


Started GET "/pages/contact" for ::1 at 2015-11-17 20:17:53 -0500
Processing by PagesController#contact as HTML
  Rendered pages/contact.html.erb within layouts/application (0.0ms)
Completed 200 OK in 27ms (Views: 26.9ms | ActiveRecord: 0.0ms)


Started GET "/pages/about" for ::1 at 2015-11-17 20:17:54 -0500
Processing by PagesController#about as HTML
  Rendered pages/about.html.erb within layouts/application (0.0ms)
Completed 200 OK in 29ms (Views: 28.6ms | ActiveRecord: 0.0ms)


Started GET "/pages/about" for ::1 at 2015-11-17 20:18:32 -0500
Processing by PagesController#about as HTML
  Rendered pages/about.html.erb within layouts/application (0.2ms)
Completed 200 OK in 24ms (Views: 23.3ms | ActiveRecord: 0.0ms)


Started GET "/assets/pages.self-e3b0c44298fc1c149afbf4c8996fb92427ae41e4649b934ca495991b7852b855.css?body=1" for ::1 at 2015-11-17 20:18:32 -0500


Started GET "/assets/turbolinks.self-c37727e9bd6b2735da5c311aa83fead54ed0be6cc8bd9a65309e9c5abe2cbfff.js?body=1" for ::1 at 2015-11-17 20:18:32 -0500


Started GET "/assets/jquery_ujs.self-d456baa54c1fa6be2ec3711f0a72ddf7a5b2f34a6b4f515f33767d6207b7d4b3.js?body=1" for ::1 at 2015-11-17 20:18:32 -0500


Started GET "/assets/application.self-e80e8f2318043e8af94dddc2adad5a4f09739a8ebb323b3ab31cd71d45fd9113.css?body=1" for ::1 at 2015-11-17 20:18:32 -0500


Started GET "/assets/pages.self-877aef30ae1b040ab8a3aba4e3e309a11d7f2612f44dde450b5c157aa5f95c05.js?body=1" for ::1 at 2015-11-17 20:18:32 -0500


Started GET "/assets/jquery.self-a714331225dda820228db323939889f149aec0127aeb06255646b616ba1ca419.js?body=1" for ::1 at 2015-11-17 20:18:32 -0500


Started GET "/assets/application.self-3b8dabdc891efe46b9a144b400ad69e37d7e5876bdc39dee783419a69d7ca819.js?body=1" for ::1 at 2015-11-17 20:18:32 -0500


Started GET "/pages/contact" for ::1 at 2015-11-17 20:18:34 -0500
Processing by PagesController#contact as HTML
  Rendered pages/contact.html.erb within layouts/application (0.2ms)
Completed 200 OK in 24ms (Views: 23.7ms | ActiveRecord: 0.0ms)


Started GET "/pages/about" for ::1 at 2015-11-17 20:18:35 -0500
Processing by PagesController#about as HTML
  Rendered pages/about.html.erb within layouts/application (0.3ms)
Completed 200 OK in 27ms (Views: 26.1ms | ActiveRecord: 0.0ms)


Started GET "/pages/contact" for ::1 at 2015-11-17 20:18:36 -0500
Processing by PagesController#contact as HTML
  Rendered pages/contact.html.erb within layouts/application (0.0ms)
Completed 200 OK in 23ms (Views: 23.1ms | ActiveRecord: 0.0ms)


Started GET "/pages/about" for ::1 at 2015-11-17 20:18:36 -0500
Processing by PagesController#about as HTML
  Rendered pages/about.html.erb within layouts/application (0.0ms)
Completed 200 OK in 20ms (Views: 19.7ms | ActiveRecord: 0.0ms)


Started GET "/pages/contact" for ::1 at 2015-11-17 20:18:37 -0500
Processing by PagesController#contact as HTML
  Rendered pages/contact.html.erb within layouts/application (0.0ms)
Completed 200 OK in 21ms (Views: 20.2ms | ActiveRecord: 0.0ms)
  [1m[36m (0.8ms)[0m  [1mCREATE TABLE "schema_migrations" ("version" varchar NOT NULL) [0m
  [1m[35m (0.4ms)[0m  select sqlite_version(*)
  [1m[36m (0.8ms)[0m  [1mCREATE UNIQUE INDEX "unique_schema_migrations" ON "schema_migrations" ("version")[0m
  [1m[35mActiveRecord::SchemaMigration Load (0.1ms)[0m  SELECT "schema_migrations".* FROM "schema_migrations"
Migrating to CreateListings (20151118012213)
  [1m[36m (0.1ms)[0m  [1mbegin transaction[0m
  [1m[35m (0.4ms)[0m  CREATE TABLE "listings" ("id" INTEGER PRIMARY KEY AUTOINCREMENT NOT NULL, "name" varchar, "desciption" text, "price" decimal, "created_at" datetime NOT NULL, "updated_at" datetime NOT NULL) 
  [1m[36mSQL (0.2ms)[0m  [1mINSERT INTO "schema_migrations" ("version") VALUES (?)[0m  [["version", "20151118012213"]]
  [1m[35m (0.6ms)[0m  commit transaction
  [1m[36mActiveRecord::SchemaMigration Load (0.1ms)[0m  [1mSELECT "schema_migrations".* FROM "schema_migrations"[0m


Started GET "/listings/new" for ::1 at 2015-11-17 20:24:23 -0500
  [1m[36mActiveRecord::SchemaMigration Load (0.1ms)[0m  [1mSELECT "schema_migrations".* FROM "schema_migrations"[0m
Processing by ListingsController#new as HTML
  Rendered listings/_form.html.erb (16.4ms)
  Rendered listings/new.html.erb within layouts/application (21.5ms)
Completed 200 OK in 302ms (Views: 288.4ms | ActiveRecord: 0.3ms)


Started GET "/assets/listings.self-e3b0c44298fc1c149afbf4c8996fb92427ae41e4649b934ca495991b7852b855.css?body=1" for ::1 at 2015-11-17 20:24:24 -0500


Started GET "/assets/scaffolds.self-a4582ce2229b9f242b6a7a221963bffbfb6cce8fc51b15118ec858ff28346aa7.css?body=1" for ::1 at 2015-11-17 20:24:24 -0500


Started GET "/assets/listings.self-877aef30ae1b040ab8a3aba4e3e309a11d7f2612f44dde450b5c157aa5f95c05.js?body=1" for ::1 at 2015-11-17 20:24:24 -0500


Started POST "/listings" for ::1 at 2015-11-17 20:24:50 -0500
Processing by ListingsController#create as HTML
  Parameters: {"utf8"=>"✓", "authenticity_token"=>"RAjyx/bmITo+wu1Hl7WqTOI2KD0ebwRudAw0YOouOkGTE3NG8h/QnFNsR00mXgneGrvYrtp54p+3yF077WEgyQ==", "listing"=>{"name"=>"Test Listing", "desciption"=>"This is just a test", "price"=>"1.00"}, "commit"=>"Create Listing"}
  [1m[35m (0.1ms)[0m  begin transaction
  [1m[36mSQL (0.6ms)[0m  [1mINSERT INTO "listings" ("name", "desciption", "price", "created_at", "updated_at") VALUES (?, ?, ?, ?, ?)[0m  [["name", "Test Listing"], ["desciption", "This is just a test"], ["price", 1.0], ["created_at", "2015-11-18 01:24:50.267128"], ["updated_at", "2015-11-18 01:24:50.267128"]]
  [1m[35m (0.5ms)[0m  commit transaction
Redirected to http://localhost:3000/listings/1
Completed 302 Found in 7ms (ActiveRecord: 1.2ms)


Started GET "/listings/1" for ::1 at 2015-11-17 20:24:50 -0500
Processing by ListingsController#show as HTML
  Parameters: {"id"=>"1"}
  [1m[36mListing Load (0.2ms)[0m  [1mSELECT  "listings".* FROM "listings" WHERE "listings"."id" = ? LIMIT 1[0m  [["id", 1]]
  Rendered listings/show.html.erb within layouts/application (0.7ms)
Completed 200 OK in 59ms (Views: 53.7ms | ActiveRecord: 0.1ms)


Started GET "/listings" for ::1 at 2015-11-17 20:24:53 -0500
Processing by ListingsController#index as HTML
  [1m[35mListing Load (0.1ms)[0m  SELECT "listings".* FROM "listings"
  Rendered listings/index.html.erb within layouts/application (1.6ms)
Completed 200 OK in 48ms (Views: 47.1ms | ActiveRecord: 0.1ms)


Started GET "/listings/1/edit" for ::1 at 2015-11-17 20:25:18 -0500
Processing by ListingsController#edit as HTML
  Parameters: {"id"=>"1"}
  [1m[36mListing Load (0.1ms)[0m  [1mSELECT  "listings".* FROM "listings" WHERE "listings"."id" = ? LIMIT 1[0m  [["id", 1]]
  Rendered listings/_form.html.erb (1.9ms)
  Rendered listings/edit.html.erb within layouts/application (3.9ms)
Completed 200 OK in 38ms (Views: 36.8ms | ActiveRecord: 0.1ms)


Started PATCH "/listings/1" for ::1 at 2015-11-17 20:25:23 -0500
Processing by ListingsController#update as HTML
  Parameters: {"utf8"=>"✓", "authenticity_token"=>"qisEOk+746Aoj4/X+DE5uZN5S7cbe9lyr59g3oFhnj59MIW7S0ISBkUhJd1J2pora/S7JN9tP4NsWwmFhi6Etg==", "listing"=>{"name"=>"Test Listing", "desciption"=>"This is just a test. Revision", "price"=>"1.0"}, "commit"=>"Update Listing", "id"=>"1"}
  [1m[35mListing Load (0.1ms)[0m  SELECT  "listings".* FROM "listings" WHERE "listings"."id" = ? LIMIT 1  [["id", 1]]
  [1m[36m (0.0ms)[0m  [1mbegin transaction[0m
  [1m[35mSQL (0.4ms)[0m  UPDATE "listings" SET "desciption" = ?, "updated_at" = ? WHERE "listings"."id" = ?  [["desciption", "This is just a test. Revision"], ["updated_at", "2015-11-18 01:25:23.676145"], ["id", 1]]
  [1m[36m (0.5ms)[0m  [1mcommit transaction[0m
Redirected to http://localhost:3000/listings/1
Completed 302 Found in 6ms (ActiveRecord: 1.0ms)


Started GET "/listings/1" for ::1 at 2015-11-17 20:25:23 -0500
Processing by ListingsController#show as HTML
  Parameters: {"id"=>"1"}
  [1m[35mListing Load (0.1ms)[0m  SELECT  "listings".* FROM "listings" WHERE "listings"."id" = ? LIMIT 1  [["id", 1]]
  Rendered listings/show.html.erb within layouts/application (0.2ms)
Completed 200 OK in 28ms (Views: 27.3ms | ActiveRecord: 0.1ms)


Started GET "/listings" for ::1 at 2015-11-17 20:25:27 -0500
Processing by ListingsController#index as HTML
  [1m[36mListing Load (0.1ms)[0m  [1mSELECT "listings".* FROM "listings"[0m
  Rendered listings/index.html.erb within layouts/application (0.9ms)
Completed 200 OK in 30ms (Views: 29.4ms | ActiveRecord: 0.1ms)


Started DELETE "/listings/1" for ::1 at 2015-11-17 20:25:31 -0500
Processing by ListingsController#destroy as HTML
  Parameters: {"authenticity_token"=>"PPdO4D1PCWFEtudNPLoKLcjEG+EiNCK3PU4BCPPcR4Hr7M9hObb4xykYTUeNUam/MEnrcuYixEb+imhT9JNdCQ==", "id"=>"1"}
  [1m[35mListing Load (0.1ms)[0m  SELECT  "listings".* FROM "listings" WHERE "listings"."id" = ? LIMIT 1  [["id", 1]]
  [1m[36m (0.0ms)[0m  [1mbegin transaction[0m
  [1m[35mSQL (0.2ms)[0m  DELETE FROM "listings" WHERE "listings"."id" = ?  [["id", 1]]
  [1m[36m (2.2ms)[0m  [1mcommit transaction[0m
Redirected to http://localhost:3000/listings
Completed 302 Found in 4ms (ActiveRecord: 2.5ms)


Started GET "/listings" for ::1 at 2015-11-17 20:25:31 -0500
Processing by ListingsController#index as HTML
  [1m[35mListing Load (0.1ms)[0m  SELECT "listings".* FROM "listings"
  Rendered listings/index.html.erb within layouts/application (1.0ms)
Completed 200 OK in 28ms (Views: 27.1ms | ActiveRecord: 0.1ms)


Started GET "/listings/new" for ::1 at 2015-11-17 20:25:34 -0500
Processing by ListingsController#new as HTML
  Rendered listings/_form.html.erb (1.4ms)
  Rendered listings/new.html.erb within layouts/application (3.2ms)
Completed 200 OK in 32ms (Views: 31.5ms | ActiveRecord: 0.0ms)


Started POST "/listings" for ::1 at 2015-11-17 20:26:15 -0500
Processing by ListingsController#create as HTML
  Parameters: {"utf8"=>"✓", "authenticity_token"=>"AkCDvYOcEtOqZk/kHtJCg9wEZk07CVRKPDj4qh/r9jXVWwI8h2XjdcfI5e6vOeERJImW3v8fsrv//JHxGKTsvQ==", "listing"=>{"name"=>"Couple Pillows", "desciption"=>"The base is ca cream cotton with black fabric ink imprinted atop.", "price"=>"42.00"}, "commit"=>"Create Listing"}
  [1m[36m (0.0ms)[0m  [1mbegin transaction[0m
  [1m[35mSQL (0.2ms)[0m  INSERT INTO "listings" ("name", "desciption", "price", "created_at", "updated_at") VALUES (?, ?, ?, ?, ?)  [["name", "Couple Pillows"], ["desciption", "The base is ca cream cotton with black fabric ink imprinted atop."], ["price", 42.0], ["created_at", "2015-11-18 01:26:15.105480"], ["updated_at", "2015-11-18 01:26:15.105480"]]
  [1m[36m (0.4ms)[0m  [1mcommit transaction[0m
Redirected to http://localhost:3000/listings/2
Completed 302 Found in 3ms (ActiveRecord: 0.6ms)


Started GET "/listings/2" for ::1 at 2015-11-17 20:26:15 -0500
Processing by ListingsController#show as HTML
  Parameters: {"id"=>"2"}
  [1m[35mListing Load (0.1ms)[0m  SELECT  "listings".* FROM "listings" WHERE "listings"."id" = ? LIMIT 1  [["id", 2]]
  Rendered listings/show.html.erb within layouts/application (0.4ms)
Completed 200 OK in 44ms (Views: 43.2ms | ActiveRecord: 0.1ms)


Started GET "/listings" for ::1 at 2015-11-17 20:26:16 -0500
Processing by ListingsController#index as HTML
  [1m[36mListing Load (0.1ms)[0m  [1mSELECT "listings".* FROM "listings"[0m
  Rendered listings/index.html.erb within layouts/application (1.0ms)
Completed 200 OK in 37ms (Views: 36.1ms | ActiveRecord: 0.1ms)


Started GET "/listings/new" for ::1 at 2015-11-17 20:26:18 -0500
Processing by ListingsController#new as HTML
  Rendered listings/_form.html.erb (1.4ms)
  Rendered listings/new.html.erb within layouts/application (2.9ms)
Completed 200 OK in 38ms (Views: 37.5ms | ActiveRecord: 0.0ms)


Started POST "/listings" for ::1 at 2015-11-17 20:26:46 -0500
Processing by ListingsController#create as HTML
  Parameters: {"utf8"=>"✓", "authenticity_token"=>"ZICO4p1CBUzLeOMIfVKHyE0v8MYBEvT6hcHCs0YZuNGzmw9jmbv06qbWSQLMuSRataIAVcUEEgtGBavoQVaiWQ==", "listing"=>{"name"=>"Vintage Rustic Camp Stool", "desciption"=>"Vintage camp stool with vintage strapping", "price"=>"15.60"}, "commit"=>"Create Listing"}
  [1m[35m (0.1ms)[0m  begin transaction
  [1m[36mSQL (0.2ms)[0m  [1mINSERT INTO "listings" ("name", "desciption", "price", "created_at", "updated_at") VALUES (?, ?, ?, ?, ?)[0m  [["name", "Vintage Rustic Camp Stool"], ["desciption", "Vintage camp stool with vintage strapping"], ["price", 15.6], ["created_at", "2015-11-18 01:26:46.934950"], ["updated_at", "2015-11-18 01:26:46.934950"]]
  [1m[35m (0.4ms)[0m  commit transaction
Redirected to http://localhost:3000/listings/3
Completed 302 Found in 3ms (ActiveRecord: 0.7ms)


Started GET "/listings/3" for ::1 at 2015-11-17 20:26:46 -0500
Processing by ListingsController#show as HTML
  Parameters: {"id"=>"3"}
  [1m[36mListing Load (0.1ms)[0m  [1mSELECT  "listings".* FROM "listings" WHERE "listings"."id" = ? LIMIT 1[0m  [["id", 3]]
  Rendered listings/show.html.erb within layouts/application (0.6ms)
Completed 200 OK in 32ms (Views: 31.7ms | ActiveRecord: 0.1ms)


Started GET "/listings" for ::1 at 2015-11-17 20:26:48 -0500
Processing by ListingsController#index as HTML
  [1m[35mListing Load (0.1ms)[0m  SELECT "listings".* FROM "listings"
  Rendered listings/index.html.erb within layouts/application (1.2ms)
Completed 200 OK in 32ms (Views: 31.9ms | ActiveRecord: 0.1ms)


Started GET "/listings/new" for ::1 at 2015-11-17 20:26:49 -0500
Processing by ListingsController#new as HTML
  Rendered listings/_form.html.erb (1.2ms)
  Rendered listings/new.html.erb within layouts/application (2.7ms)
Completed 200 OK in 30ms (Views: 29.9ms | ActiveRecord: 0.0ms)


Started POST "/listings" for ::1 at 2015-11-17 20:27:22 -0500
Processing by ListingsController#create as HTML
  Parameters: {"utf8"=>"✓", "authenticity_token"=>"ATEH34MQXjpJT/PgIHgBaXt7DhWvVGziJ32wIHav+grWKoZeh+mvnCThWeqRk6L7g/b+hmtCihPkudl7ceDggg==", "listing"=>{"name"=>"Be the Good Necklace", "desciption"=>"A brass necklace hand craved with words inspired.", "price"=>"95.90"}, "commit"=>"Create Listing"}
  [1m[36m (0.1ms)[0m  [1mbegin transaction[0m
  [1m[35mSQL (0.2ms)[0m  INSERT INTO "listings" ("name", "desciption", "price", "created_at", "updated_at") VALUES (?, ?, ?, ?, ?)  [["name", "Be the Good Necklace"], ["desciption", "A brass necklace hand craved with words inspired."], ["price", 95.9], ["created_at", "2015-11-18 01:27:22.575771"], ["updated_at", "2015-11-18 01:27:22.575771"]]
  [1m[36m (0.5ms)[0m  [1mcommit transaction[0m
Redirected to http://localhost:3000/listings/4
Completed 302 Found in 3ms (ActiveRecord: 0.8ms)


Started GET "/listings/4" for ::1 at 2015-11-17 20:27:22 -0500
Processing by ListingsController#show as HTML
  Parameters: {"id"=>"4"}
  [1m[35mListing Load (0.1ms)[0m  SELECT  "listings".* FROM "listings" WHERE "listings"."id" = ? LIMIT 1  [["id", 4]]
  Rendered listings/show.html.erb within layouts/application (0.3ms)
Completed 200 OK in 38ms (Views: 37.3ms | ActiveRecord: 0.1ms)


Started GET "/listings" for ::1 at 2015-11-17 20:27:23 -0500
Processing by ListingsController#index as HTML
  [1m[36mListing Load (0.1ms)[0m  [1mSELECT "listings".* FROM "listings"[0m
  Rendered listings/index.html.erb within layouts/application (1.4ms)
Completed 200 OK in 39ms (Views: 38.0ms | ActiveRecord: 0.1ms)


Started GET "/" for ::1 at 2015-11-17 20:30:26 -0500
Processing by Rails::WelcomeController#index as HTML
  Rendered /Users/hobertbush/.rbenv/versions/2.2.3/lib/ruby/gems/2.2.0/gems/railties-4.2.4/lib/rails/templates/rails/welcome/index.html.erb (0.5ms)
Completed 200 OK in 3ms (Views: 2.7ms | ActiveRecord: 0.0ms)


Started GET "/" for ::1 at 2015-11-17 20:30:28 -0500
Processing by Rails::WelcomeController#index as HTML
  Rendered /Users/hobertbush/.rbenv/versions/2.2.3/lib/ruby/gems/2.2.0/gems/railties-4.2.4/lib/rails/templates/rails/welcome/index.html.erb (0.0ms)
Completed 200 OK in 2ms (Views: 2.0ms | ActiveRecord: 0.0ms)


Started GET "/" for ::1 at 2015-11-17 20:30:34 -0500
Processing by ListingsController#index as HTML
  [1m[35mListing Load (0.2ms)[0m  SELECT "listings".* FROM "listings"
  Rendered listings/index.html.erb within layouts/application (4.4ms)
Completed 200 OK in 37ms (Views: 34.3ms | ActiveRecord: 0.4ms)


Started GET "/" for ::1 at 2016-02-24 14:51:01 -0500
  [1m[36mActiveRecord::SchemaMigration Load (0.3ms)[0m  [1mSELECT "schema_migrations".* FROM "schema_migrations"[0m
Processing by ListingsController#index as HTML
  [1m[35mListing Load (0.3ms)[0m  SELECT "listings".* FROM "listings"
  Rendered listings/index.html.erb within layouts/application (8.5ms)
Completed 200 OK in 2996ms (Views: 2984.7ms | ActiveRecord: 0.6ms)


Started GET "/assets/custom.self-320a680192813139d6cd0d2455af74f6afd0422b6e422674012a91baab4675be.css?body=1" for ::1 at 2016-02-24 14:51:04 -0500


Started GET "/assets/listings.self-e3b0c44298fc1c149afbf4c8996fb92427ae41e4649b934ca495991b7852b855.css?body=1" for ::1 at 2016-02-24 14:51:04 -0500


Started GET "/assets/scaffolds.self-a4582ce2229b9f242b6a7a221963bffbfb6cce8fc51b15118ec858ff28346aa7.css?body=1" for ::1 at 2016-02-24 14:51:04 -0500


Started GET "/assets/pages.self-e3b0c44298fc1c149afbf4c8996fb92427ae41e4649b934ca495991b7852b855.css?body=1" for ::1 at 2016-02-24 14:51:04 -0500


Started GET "/assets/application.self-e80e8f2318043e8af94dddc2adad5a4f09739a8ebb323b3ab31cd71d45fd9113.css?body=1" for ::1 at 2016-02-24 14:51:04 -0500


Started GET "/assets/jquery.self-a714331225dda820228db323939889f149aec0127aeb06255646b616ba1ca419.js?body=1" for ::1 at 2016-02-24 14:51:04 -0500


Started GET "/assets/jquery_ujs.self-d456baa54c1fa6be2ec3711f0a72ddf7a5b2f34a6b4f515f33767d6207b7d4b3.js?body=1" for ::1 at 2016-02-24 14:51:04 -0500


Started GET "/assets/turbolinks.self-c37727e9bd6b2735da5c311aa83fead54ed0be6cc8bd9a65309e9c5abe2cbfff.js?body=1" for ::1 at 2016-02-24 14:51:04 -0500


Started GET "/assets/bootstrap.self-c5d4a1eb6b19f291359cff9ef118d80fc1bfb09774ae32b6918f527bb44f7184.js?body=1" for ::1 at 2016-02-24 14:51:04 -0500


Started GET "/assets/listings.self-877aef30ae1b040ab8a3aba4e3e309a11d7f2612f44dde450b5c157aa5f95c05.js?body=1" for ::1 at 2016-02-24 14:51:04 -0500


Started GET "/assets/pages.self-877aef30ae1b040ab8a3aba4e3e309a11d7f2612f44dde450b5c157aa5f95c05.js?body=1" for ::1 at 2016-02-24 14:51:04 -0500


Started GET "/assets/application.self-3b8dabdc891efe46b9a144b400ad69e37d7e5876bdc39dee783419a69d7ca819.js?body=1" for ::1 at 2016-02-24 14:51:04 -0500


Started GET "/pages/about" for ::1 at 2016-02-24 14:52:30 -0500
Processing by PagesController#about as HTML
  Rendered pages/about.html.erb within layouts/application (0.6ms)
Completed 200 OK in 77ms (Views: 76.4ms | ActiveRecord: 0.0ms)


Started GET "/pages/contact" for ::1 at 2016-02-24 14:52:55 -0500
Processing by PagesController#contact as HTML
  Rendered pages/contact.html.erb within layouts/application (0.3ms)
Completed 200 OK in 55ms (Views: 55.1ms | ActiveRecord: 0.0ms)


Started GET "/pages/contact" for ::1 at 2016-02-24 14:56:22 -0500
Processing by PagesController#contact as HTML
  Rendered pages/contact.html.erb within layouts/application (0.8ms)
Completed 200 OK in 77ms (Views: 76.1ms | ActiveRecord: 0.0ms)
